<?xml version="1.0" encoding="UTF-8"?>
<!-- Generated by org.testng.reporters.JUnitReportReporter -->
<testsuite hostname="LAPTOP-0DNTH2TJ" failures="0" tests="1" name="com.lao.javaLearning.CollectMoney" time="0.022" errors="0" timestamp="2022-10-30T18:09:15 IST" skipped="0">
  <testcase classname="com.lao.javaLearning.CollectMoney" name="testNG" time="0.022"/>
  <system-out/>
</testsuite> <!-- com.lao.javaLearning.CollectMoney -->
